Using pre-set license
Built from '2020.3/staging' branch; Version is '2020.3.11f1 (99c7afb366b3) revision 10078127'; Using compiler version '192528614'; Build Type 'Release'
OS: 'Windows 10 Home; OS build 17763.1577; Version 1809; 64bit' Language: 'en' Physical Memory: 8125 MB
BatchMode: 1, IsHumanControllingUs: 0, StartBugReporterOnCrash: 0, Is64bit: 1, IsPro: 0

 COMMAND LINE ARGUMENTS:
C:\Program Files\Unity\Hub\Editor\2020.3.11f1\Editor\Unity.exe
-adb2
-batchMode
-noUpm
-name
AssetImportWorker0
-projectPath
C:/Users/Angelo/Documents/GitHub/SpaceRelationshipSim
-logFile
Logs/AssetImportWorker0.log
-srvPort
63685
Successfully changed project path to: C:/Users/Angelo/Documents/GitHub/SpaceRelationshipSim
C:/Users/Angelo/Documents/GitHub/SpaceRelationshipSim
Using Asset Import Pipeline V2.
Refreshing native plugins compatible for Editor in 92.67 ms, found 3 plugins.
Preloading 0 native plugins for Editor in 0.00 ms.
Initialize engine version: 2020.3.11f1 (99c7afb366b3)
[Subsystems] Discovering subsystems at path C:/Program Files/Unity/Hub/Editor/2020.3.11f1/Editor/Data/Resources/UnitySubsystems
[Subsystems] Discovering subsystems at path C:/Users/Angelo/Documents/GitHub/SpaceRelationshipSim/Assets
GfxDevice: creating device client; threaded=0
Direct3D:
    Version:  Direct3D 11.0 [level 11.1]
    Renderer: NVIDIA GeForce GTX 1050 Ti (ID=0x1c82)
    Vendor:   
    VRAM:     4018 MB
    Driver:   27.21.14.5671
Shader 'Universal Render Pipeline/Particles/Lit': fallback shader 'Universal Render Pipeline/Particles/SimpleLit' not found
Initialize mono
Mono path[0] = 'C:/Program Files/Unity/Hub/Editor/2020.3.11f1/Editor/Data/Managed'
Mono path[1] = 'C:/Program Files/Unity/Hub/Editor/2020.3.11f1/Editor/Data/MonoBleedingEdge/lib/mono/unityjit'
Mono config path = 'C:/Program Files/Unity/Hub/Editor/2020.3.11f1/Editor/Data/MonoBleedingEdge/etc'
Using monoOptions --debugger-agent=transport=dt_socket,embedding=1,server=y,suspend=n,address=127.0.0.1:56000
Begin MonoManager ReloadAssembly
Registering precompiled unity dll's ...
Register platform support module: C:/Program Files/Unity/Hub/Editor/2020.3.11f1/Editor/Data/PlaybackEngines/WindowsStandaloneSupport/UnityEditor.WindowsStandalone.Extensions.dll
Registered in 0.002404 seconds.
Native extension for WindowsStandalone target not found
Refreshing native plugins compatible for Editor in 87.08 ms, found 3 plugins.
Preloading 0 native plugins for Editor in 0.00 ms.
Mono: successfully reloaded assembly
- Completed reload, in  1.718 seconds
Platform modules already initialized, skipping
Registering precompiled user dll's ...
Registered in 0.007445 seconds.
Begin MonoManager ReloadAssembly
Native extension for WindowsStandalone target not found
Refreshing native plugins compatible for Editor in 96.49 ms, found 3 plugins.
Preloading 0 native plugins for Editor in 0.00 ms.
Mono: successfully reloaded assembly
- Completed reload, in  1.704 seconds
Platform modules already initialized, skipping
========================================================================
Worker process is ready to serve import requests
Shader 'Universal Render Pipeline/Particles/Lit': fallback shader 'Universal Render Pipeline/Particles/SimpleLit' not found
Launched and connected shader compiler UnityShaderCompiler.exe after 0.13 seconds
Refreshing native plugins compatible for Editor in 0.93 ms, found 3 plugins.
Preloading 0 native plugins for Editor in 0.00 ms.
Unloading 3223 Unused Serialized files (Serialized files now loaded: 0)
System memory in use before: 137.8 MB.
System memory in use after: 138.0 MB.

Unloading 29 unused Assets to reduce memory usage. Loaded Objects now: 3659.
Total: 5.215100 ms (FindLiveObjects: 0.520700 ms CreateObjectMapping: 0.143100 ms MarkObjects: 4.435900 ms  DeleteObjects: 0.113400 ms)

========================================================================
Received Import Request.
  path: Assets/URP
  artifactKey: Guid(e14e5dea3b74dad4f91c8a86c959d4d3) Importer(815301076,1909f56bfc062723c751e8b465ee728b)
Start importing Assets/URP using Guid(e14e5dea3b74dad4f91c8a86c959d4d3) Importer(815301076,1909f56bfc062723c751e8b465ee728b)  -> (artifact id: '3f04c159fb0925e36500c8a18f3d34b5') in 0.024679 seconds
  Import took 0.032420 seconds .

========================================================================
Received Import Request.
  Time since last request: 174.147896 seconds.
  path: Assets/Scripts
  artifactKey: Guid(6f9deedc2c106f8479f3ca0bb583d94d) Importer(815301076,1909f56bfc062723c751e8b465ee728b)
Start importing Assets/Scripts using Guid(6f9deedc2c106f8479f3ca0bb583d94d) Importer(815301076,1909f56bfc062723c751e8b465ee728b)  -> (artifact id: 'df489a8a002de8aa170d23246f97ad12') in 0.012792 seconds
  Import took 0.021042 seconds .

========================================================================
Received Import Request.
  Time since last request: 22.629710 seconds.
  path: Assets/Scripts/Player_Movement.cs
  artifactKey: Guid(39e9575d18cd86c48834f0fff83c6ea5) Importer(815301076,1909f56bfc062723c751e8b465ee728b)
Start importing Assets/Scripts/Player_Movement.cs using Guid(39e9575d18cd86c48834f0fff83c6ea5) Importer(815301076,1909f56bfc062723c751e8b465ee728b)  -> (artifact id: '0c9e59ef5a1a26e16f7fc401fe6eb7ec') in 0.268566 seconds
  Import took 0.275777 seconds .

========================================================================
Received Prepare
Registering precompiled user dll's ...
Registered in 0.011184 seconds.
Begin MonoManager ReloadAssembly
Native extension for WindowsStandalone target not found
Refreshing native plugins compatible for Editor in 0.84 ms, found 3 plugins.
Preloading 0 native plugins for Editor in 0.00 ms.
Mono: successfully reloaded assembly
- Completed reload, in  2.131 seconds
Platform modules already initialized, skipping
Shader 'Universal Render Pipeline/Particles/Lit': fallback shader 'Universal Render Pipeline/Particles/SimpleLit' not found
Refreshing native plugins compatible for Editor in 0.94 ms, found 3 plugins.
Preloading 0 native plugins for Editor in 0.00 ms.
Unloading 3110 Unused Serialized files (Serialized files now loaded: 0)
System memory in use before: 130.4 MB.
System memory in use after: 130.6 MB.

Unloading 17 unused Assets to reduce memory usage. Loaded Objects now: 3664.
Total: 4.089700 ms (FindLiveObjects: 0.523300 ms CreateObjectMapping: 0.151100 ms MarkObjects: 3.377900 ms  DeleteObjects: 0.035400 ms)

========================================================================
Received Prepare
Registering precompiled user dll's ...
Registered in 0.115538 seconds.
Begin MonoManager ReloadAssembly
Native extension for WindowsStandalone target not found
Refreshing native plugins compatible for Editor in 0.93 ms, found 3 plugins.
Preloading 0 native plugins for Editor in 0.00 ms.
Mono: successfully reloaded assembly
- Completed reload, in  1.696 seconds
Platform modules already initialized, skipping
Shader 'Universal Render Pipeline/Particles/Lit': fallback shader 'Universal Render Pipeline/Particles/SimpleLit' not found
Refreshing native plugins compatible for Editor in 0.90 ms, found 3 plugins.
Preloading 0 native plugins for Editor in 0.00 ms.
Unloading 3110 Unused Serialized files (Serialized files now loaded: 0)
System memory in use before: 130.4 MB.
System memory in use after: 130.7 MB.

Unloading 17 unused Assets to reduce memory usage. Loaded Objects now: 3668.
Total: 4.877700 ms (FindLiveObjects: 0.506100 ms CreateObjectMapping: 0.113700 ms MarkObjects: 4.219200 ms  DeleteObjects: 0.036600 ms)

========================================================================
Received Import Request.
  Time since last request: 308.221197 seconds.
  path: Assets/Sprites/IsometricDiamond.png
  artifactKey: Guid(f14b6a3aa6262394a8d32aa642fb48f3) Importer(815301076,1909f56bfc062723c751e8b465ee728b)
Start importing Assets/Sprites/IsometricDiamond.png using Guid(f14b6a3aa6262394a8d32aa642fb48f3) Importer(815301076,1909f56bfc062723c751e8b465ee728b)  -> (artifact id: 'b0cdb82f018d44763de2b7f79ce356ad') in 0.901431 seconds
  Import took 0.986957 seconds .

========================================================================
Received Import Request.
  Time since last request: 0.000279 seconds.
  path: Assets/Sprites/HexagonPointed-Top.png
  artifactKey: Guid(c7aa7e62c837e194499e49d9c0229f96) Importer(815301076,1909f56bfc062723c751e8b465ee728b)
Start importing Assets/Sprites/HexagonPointed-Top.png using Guid(c7aa7e62c837e194499e49d9c0229f96) Importer(815301076,1909f56bfc062723c751e8b465ee728b)  -> (artifact id: '4c57bf5f88878ad3657edc9a15761fe2') in 0.270914 seconds
  Import took 0.301993 seconds .

========================================================================
Received Import Request.
  Time since last request: 47.319804 seconds.
  path: Assets/URP/New 2D Renderer Data.asset
  artifactKey: Guid(7ddedc345e61da145825a1fc14d86e3b) Importer(815301076,1909f56bfc062723c751e8b465ee728b)
Start importing Assets/URP/New 2D Renderer Data.asset using Guid(7ddedc345e61da145825a1fc14d86e3b) Importer(815301076,1909f56bfc062723c751e8b465ee728b)  -> (artifact id: '47b72e3a82a547c28853c617ca565922') in 0.094032 seconds
  Import took 0.128893 seconds .

========================================================================
Received Import Request.
  Time since last request: 0.000267 seconds.
  path: Assets/URP/UniversalRenderPipelineAsset.asset
  artifactKey: Guid(c3823700a0fa725449669f2bcdfa2fc1) Importer(815301076,1909f56bfc062723c751e8b465ee728b)
Start importing Assets/URP/UniversalRenderPipelineAsset.asset using Guid(c3823700a0fa725449669f2bcdfa2fc1) Importer(815301076,1909f56bfc062723c751e8b465ee728b)  -> (artifact id: 'e8ade21e1e3befbab1fa0fa0c33905db') in 0.067885 seconds
  Import took 0.084610 seconds .

========================================================================
Received Prepare
Registering precompiled user dll's ...
Registered in 0.158471 seconds.
Begin MonoManager ReloadAssembly
Native extension for WindowsStandalone target not found
Refreshing native plugins compatible for Editor in 0.86 ms, found 3 plugins.
Preloading 0 native plugins for Editor in 0.00 ms.
Mono: successfully reloaded assembly
- Completed reload, in  1.420 seconds
Platform modules already initialized, skipping
Shader 'Universal Render Pipeline/Particles/Lit': fallback shader 'Universal Render Pipeline/Particles/SimpleLit' not found
Refreshing native plugins compatible for Editor in 0.78 ms, found 3 plugins.
Preloading 0 native plugins for Editor in 0.00 ms.
Unloading 3112 Unused Serialized files (Serialized files now loaded: 0)
System memory in use before: 133.5 MB.
System memory in use after: 133.7 MB.

Unloading 17 unused Assets to reduce memory usage. Loaded Objects now: 3683.
Total: 3.948300 ms (FindLiveObjects: 0.414300 ms CreateObjectMapping: 0.109100 ms MarkObjects: 3.382400 ms  DeleteObjects: 0.040600 ms)

========================================================================
Received Prepare
Registering precompiled user dll's ...
Registered in 0.007470 seconds.
Begin MonoManager ReloadAssembly
Native extension for WindowsStandalone target not found
Refreshing native plugins compatible for Editor in 0.77 ms, found 3 plugins.
Preloading 0 native plugins for Editor in 0.00 ms.
Mono: successfully reloaded assembly
- Completed reload, in  1.451 seconds
Platform modules already initialized, skipping
Shader 'Universal Render Pipeline/Particles/Lit': fallback shader 'Universal Render Pipeline/Particles/SimpleLit' not found
Refreshing native plugins compatible for Editor in 0.80 ms, found 3 plugins.
Preloading 0 native plugins for Editor in 0.00 ms.
Unloading 3110 Unused Serialized files (Serialized files now loaded: 0)
System memory in use before: 133.5 MB.
System memory in use after: 133.7 MB.

Unloading 17 unused Assets to reduce memory usage. Loaded Objects now: 3687.
Total: 4.830400 ms (FindLiveObjects: 0.467500 ms CreateObjectMapping: 0.144900 ms MarkObjects: 4.177100 ms  DeleteObjects: 0.038200 ms)

========================================================================
Received Import Request.
  Time since last request: 846.680107 seconds.
  path: Assets/Sprites
  artifactKey: Guid(45a5286c474f06748b7d42d38915fc79) Importer(815301076,1909f56bfc062723c751e8b465ee728b)
Start importing Assets/Sprites using Guid(45a5286c474f06748b7d42d38915fc79) Importer(815301076,1909f56bfc062723c751e8b465ee728b)  -> (artifact id: '611fce7eb5f42bfb8dbe544a520cd99d') in 0.069302 seconds
  Import took 0.106850 seconds .

========================================================================
Received Import Request.
  Time since last request: 7.391218 seconds.
  path: Assets/Sprites/Square.png
  artifactKey: Guid(c365d5732dd9bd241bfdca7705a69a63) Importer(815301076,1909f56bfc062723c751e8b465ee728b)
Start importing Assets/Sprites/Square.png using Guid(c365d5732dd9bd241bfdca7705a69a63) Importer(815301076,1909f56bfc062723c751e8b465ee728b)  -> (artifact id: '9b4edb1711c30f98e7c2ddb74c8b7007') in 0.187326 seconds
  Import took 0.224825 seconds .

========================================================================
Received Prepare
Registering precompiled user dll's ...
Registered in 0.008122 seconds.
Begin MonoManager ReloadAssembly
Native extension for WindowsStandalone target not found
Refreshing native plugins compatible for Editor in 0.84 ms, found 3 plugins.
Preloading 0 native plugins for Editor in 0.00 ms.
Mono: successfully reloaded assembly
- Completed reload, in  2.299 seconds
Platform modules already initialized, skipping
Shader 'Universal Render Pipeline/Particles/Lit': fallback shader 'Universal Render Pipeline/Particles/SimpleLit' not found
Refreshing native plugins compatible for Editor in 1.71 ms, found 3 plugins.
Preloading 0 native plugins for Editor in 0.00 ms.
Unloading 3110 Unused Serialized files (Serialized files now loaded: 0)
System memory in use before: 133.5 MB.
System memory in use after: 133.7 MB.

Unloading 17 unused Assets to reduce memory usage. Loaded Objects now: 3693.
Total: 15.548600 ms (FindLiveObjects: 0.828700 ms CreateObjectMapping: 0.251700 ms MarkObjects: 14.432800 ms  DeleteObjects: 0.032700 ms)

========================================================================
Received Prepare
Registering precompiled user dll's ...
Registered in 0.030193 seconds.
Begin MonoManager ReloadAssembly
Native extension for WindowsStandalone target not found
Refreshing native plugins compatible for Editor in 5.37 ms, found 3 plugins.
Preloading 0 native plugins for Editor in 0.00 ms.
Mono: successfully reloaded assembly
- Completed reload, in  4.608 seconds
Platform modules already initialized, skipping
Shader 'Universal Render Pipeline/Particles/Lit': fallback shader 'Universal Render Pipeline/Particles/SimpleLit' not found
Refreshing native plugins compatible for Editor in 1.57 ms, found 3 plugins.
Preloading 0 native plugins for Editor in 0.00 ms.
Unloading 3110 Unused Serialized files (Serialized files now loaded: 0)
System memory in use before: 133.5 MB.
System memory in use after: 133.7 MB.

Unloading 17 unused Assets to reduce memory usage. Loaded Objects now: 3697.
Total: 14.823900 ms (FindLiveObjects: 1.324900 ms CreateObjectMapping: 0.353000 ms MarkObjects: 13.055400 ms  DeleteObjects: 0.087600 ms)

========================================================================
Received Import Request.
  Time since last request: 2266.508684 seconds.
  path: Assets/Scripts/Player_Movement.cs
  artifactKey: Guid(39e9575d18cd86c48834f0fff83c6ea5) Importer(815301076,1909f56bfc062723c751e8b465ee728b)
Start importing Assets/Scripts/Player_Movement.cs using Guid(39e9575d18cd86c48834f0fff83c6ea5) Importer(815301076,1909f56bfc062723c751e8b465ee728b)  -> (artifact id: 'b5b80bd5684b9173eef40e01a75c60aa') in 0.034632 seconds
  Import took 0.097382 seconds .

========================================================================
Received Import Request.
  Time since last request: 10.790268 seconds.
  path: Assets/Scripts/Camera_Movement.cs
  artifactKey: Guid(ca161ed2009138b47bd02b9386d62645) Importer(815301076,1909f56bfc062723c751e8b465ee728b)
Start importing Assets/Scripts/Camera_Movement.cs using Guid(ca161ed2009138b47bd02b9386d62645) Importer(815301076,1909f56bfc062723c751e8b465ee728b)  -> (artifact id: '15a6effec77439346b9126e932a66dbe') in 0.059034 seconds
  Import took 0.176438 seconds .

========================================================================
Received Prepare
Registering precompiled user dll's ...
Registered in 0.010842 seconds.
Begin MonoManager ReloadAssembly
Native extension for WindowsStandalone target not found
Refreshing native plugins compatible for Editor in 0.91 ms, found 3 plugins.
Preloading 0 native plugins for Editor in 0.00 ms.
Mono: successfully reloaded assembly
- Completed reload, in  2.522 seconds
Platform modules already initialized, skipping
Shader 'Universal Render Pipeline/Particles/Lit': fallback shader 'Universal Render Pipeline/Particles/SimpleLit' not found
Refreshing native plugins compatible for Editor in 0.86 ms, found 3 plugins.
Preloading 0 native plugins for Editor in 0.00 ms.
Unloading 3111 Unused Serialized files (Serialized files now loaded: 0)
System memory in use before: 133.5 MB.
System memory in use after: 133.8 MB.

Unloading 17 unused Assets to reduce memory usage. Loaded Objects now: 3702.
Total: 4.960700 ms (FindLiveObjects: 0.395600 ms CreateObjectMapping: 0.106100 ms MarkObjects: 4.414100 ms  DeleteObjects: 0.042500 ms)

========================================================================
Received Prepare
Registering precompiled user dll's ...
Registered in 0.008104 seconds.
Begin MonoManager ReloadAssembly
Native extension for WindowsStandalone target not found
Refreshing native plugins compatible for Editor in 0.80 ms, found 3 plugins.
Preloading 0 native plugins for Editor in 0.00 ms.
Mono: successfully reloaded assembly
- Completed reload, in  1.962 seconds
Platform modules already initialized, skipping
Shader 'Universal Render Pipeline/Particles/Lit': fallback shader 'Universal Render Pipeline/Particles/SimpleLit' not found
Refreshing native plugins compatible for Editor in 4.87 ms, found 3 plugins.
Preloading 0 native plugins for Editor in 0.00 ms.
Unloading 3111 Unused Serialized files (Serialized files now loaded: 0)
System memory in use before: 133.5 MB.
System memory in use after: 133.8 MB.

Unloading 17 unused Assets to reduce memory usage. Loaded Objects now: 3706.
Total: 6.504700 ms (FindLiveObjects: 0.611000 ms CreateObjectMapping: 0.247800 ms MarkObjects: 5.601200 ms  DeleteObjects: 0.041900 ms)

========================================================================
Received Import Request.
  Time since last request: 188.934497 seconds.
  path: Assets/Scripts/Camera_Movement.cs
  artifactKey: Guid(ca161ed2009138b47bd02b9386d62645) Importer(815301076,1909f56bfc062723c751e8b465ee728b)
Start importing Assets/Scripts/Camera_Movement.cs using Guid(ca161ed2009138b47bd02b9386d62645) Importer(815301076,1909f56bfc062723c751e8b465ee728b)  -> (artifact id: '98964ee5ab53857223a004909d48ab4a') in 0.020449 seconds
  Import took 0.052117 seconds .

========================================================================
Received Prepare
Registering precompiled user dll's ...
Registered in 0.007328 seconds.
Begin MonoManager ReloadAssembly
Native extension for WindowsStandalone target not found
Refreshing native plugins compatible for Editor in 1.45 ms, found 3 plugins.
Preloading 0 native plugins for Editor in 0.00 ms.
Mono: successfully reloaded assembly
- Completed reload, in  2.054 seconds
Platform modules already initialized, skipping
Shader 'Universal Render Pipeline/Particles/Lit': fallback shader 'Universal Render Pipeline/Particles/SimpleLit' not found
Refreshing native plugins compatible for Editor in 1.85 ms, found 3 plugins.
Preloading 0 native plugins for Editor in 0.00 ms.
Unloading 3111 Unused Serialized files (Serialized files now loaded: 0)
System memory in use before: 133.5 MB.
System memory in use after: 133.8 MB.

Unloading 17 unused Assets to reduce memory usage. Loaded Objects now: 3710.
Total: 5.322000 ms (FindLiveObjects: 0.670800 ms CreateObjectMapping: 0.182100 ms MarkObjects: 4.435000 ms  DeleteObjects: 0.032100 ms)

========================================================================
Received Prepare
Registering precompiled user dll's ...
Registered in 0.007190 seconds.
Begin MonoManager ReloadAssembly
Native extension for WindowsStandalone target not found
Refreshing native plugins compatible for Editor in 1.68 ms, found 3 plugins.
Preloading 0 native plugins for Editor in 0.00 ms.
Mono: successfully reloaded assembly
- Completed reload, in  1.957 seconds
Platform modules already initialized, skipping
Shader 'Universal Render Pipeline/Particles/Lit': fallback shader 'Universal Render Pipeline/Particles/SimpleLit' not found
Refreshing native plugins compatible for Editor in 0.96 ms, found 3 plugins.
Preloading 0 native plugins for Editor in 0.00 ms.
Unloading 3111 Unused Serialized files (Serialized files now loaded: 0)
System memory in use before: 133.5 MB.
System memory in use after: 133.8 MB.

Unloading 17 unused Assets to reduce memory usage. Loaded Objects now: 3714.
Total: 5.252100 ms (FindLiveObjects: 0.442500 ms CreateObjectMapping: 0.109300 ms MarkObjects: 4.660900 ms  DeleteObjects: 0.037100 ms)

========================================================================
Received Prepare
Registering precompiled user dll's ...
Registered in 0.006781 seconds.
Begin MonoManager ReloadAssembly
Native extension for WindowsStandalone target not found
Refreshing native plugins compatible for Editor in 0.95 ms, found 3 plugins.
Preloading 0 native plugins for Editor in 0.00 ms.
Mono: successfully reloaded assembly
- Completed reload, in  1.934 seconds
Platform modules already initialized, skipping
Shader 'Universal Render Pipeline/Particles/Lit': fallback shader 'Universal Render Pipeline/Particles/SimpleLit' not found
Refreshing native plugins compatible for Editor in 0.98 ms, found 3 plugins.
Preloading 0 native plugins for Editor in 0.00 ms.
Unloading 3111 Unused Serialized files (Serialized files now loaded: 0)
System memory in use before: 133.6 MB.
System memory in use after: 133.8 MB.

Unloading 17 unused Assets to reduce memory usage. Loaded Objects now: 3718.
Total: 9.999800 ms (FindLiveObjects: 1.052200 ms CreateObjectMapping: 0.470200 ms MarkObjects: 8.386700 ms  DeleteObjects: 0.078000 ms)

========================================================================
Received Prepare
Registering precompiled user dll's ...
Registered in 0.009676 seconds.
Begin MonoManager ReloadAssembly
Native extension for WindowsStandalone target not found
Refreshing native plugins compatible for Editor in 0.78 ms, found 3 plugins.
Preloading 0 native plugins for Editor in 0.00 ms.
Mono: successfully reloaded assembly
- Completed reload, in  1.860 seconds
Platform modules already initialized, skipping
Shader 'Universal Render Pipeline/Particles/Lit': fallback shader 'Universal Render Pipeline/Particles/SimpleLit' not found
Refreshing native plugins compatible for Editor in 1.09 ms, found 3 plugins.
Preloading 0 native plugins for Editor in 0.00 ms.
Unloading 3111 Unused Serialized files (Serialized files now loaded: 0)
System memory in use before: 133.6 MB.
System memory in use after: 133.8 MB.

Unloading 17 unused Assets to reduce memory usage. Loaded Objects now: 3722.
Total: 9.862200 ms (FindLiveObjects: 0.491200 ms CreateObjectMapping: 0.126400 ms MarkObjects: 9.210900 ms  DeleteObjects: 0.031300 ms)

========================================================================
Received Prepare
Registering precompiled user dll's ...
Registered in 0.008899 seconds.
Begin MonoManager ReloadAssembly
Native extension for WindowsStandalone target not found
Refreshing native plugins compatible for Editor in 0.83 ms, found 3 plugins.
Preloading 0 native plugins for Editor in 0.00 ms.
Mono: successfully reloaded assembly
- Completed reload, in  1.869 seconds
Platform modules already initialized, skipping
Shader 'Universal Render Pipeline/Particles/Lit': fallback shader 'Universal Render Pipeline/Particles/SimpleLit' not found
Refreshing native plugins compatible for Editor in 0.77 ms, found 3 plugins.
Preloading 0 native plugins for Editor in 0.00 ms.
Unloading 3111 Unused Serialized files (Serialized files now loaded: 0)
System memory in use before: 133.6 MB.
System memory in use after: 133.8 MB.

Unloading 17 unused Assets to reduce memory usage. Loaded Objects now: 3726.
Total: 11.271200 ms (FindLiveObjects: 2.468300 ms CreateObjectMapping: 0.321000 ms MarkObjects: 8.441700 ms  DeleteObjects: 0.037800 ms)

========================================================================
Received Prepare
Registering precompiled user dll's ...
Registered in 0.006745 seconds.
Begin MonoManager ReloadAssembly
Native extension for WindowsStandalone target not found
Refreshing native plugins compatible for Editor in 0.95 ms, found 3 plugins.
Preloading 0 native plugins for Editor in 0.00 ms.
Mono: successfully reloaded assembly
- Completed reload, in  1.875 seconds
Platform modules already initialized, skipping
Shader 'Universal Render Pipeline/Particles/Lit': fallback shader 'Universal Render Pipeline/Particles/SimpleLit' not found
Refreshing native plugins compatible for Editor in 1.74 ms, found 3 plugins.
Preloading 0 native plugins for Editor in 0.00 ms.
Unloading 3111 Unused Serialized files (Serialized files now loaded: 0)
System memory in use before: 133.6 MB.
System memory in use after: 133.8 MB.

Unloading 17 unused Assets to reduce memory usage. Loaded Objects now: 3730.
Total: 13.152500 ms (FindLiveObjects: 2.717500 ms CreateObjectMapping: 0.245600 ms MarkObjects: 10.085800 ms  DeleteObjects: 0.101400 ms)

========================================================================
Received Prepare
Registering precompiled user dll's ...
Registered in 0.007054 seconds.
Begin MonoManager ReloadAssembly
Native extension for WindowsStandalone target not found
Refreshing native plugins compatible for Editor in 0.78 ms, found 3 plugins.
Preloading 0 native plugins for Editor in 0.00 ms.
Mono: successfully reloaded assembly
- Completed reload, in  1.709 seconds
Platform modules already initialized, skipping
Shader 'Universal Render Pipeline/Particles/Lit': fallback shader 'Universal Render Pipeline/Particles/SimpleLit' not found
Refreshing native plugins compatible for Editor in 1.07 ms, found 3 plugins.
Preloading 0 native plugins for Editor in 0.00 ms.
Unloading 3111 Unused Serialized files (Serialized files now loaded: 0)
System memory in use before: 133.6 MB.
System memory in use after: 133.8 MB.

Unloading 17 unused Assets to reduce memory usage. Loaded Objects now: 3734.
Total: 4.783400 ms (FindLiveObjects: 0.356800 ms CreateObjectMapping: 0.111800 ms MarkObjects: 4.279000 ms  DeleteObjects: 0.033400 ms)

========================================================================
Received Prepare
Registering precompiled user dll's ...
Registered in 0.010523 seconds.
Begin MonoManager ReloadAssembly
Native extension for WindowsStandalone target not found
Refreshing native plugins compatible for Editor in 1.07 ms, found 3 plugins.
Preloading 0 native plugins for Editor in 0.00 ms.
Mono: successfully reloaded assembly
- Completed reload, in  1.650 seconds
Platform modules already initialized, skipping
Shader 'Universal Render Pipeline/Particles/Lit': fallback shader 'Universal Render Pipeline/Particles/SimpleLit' not found
Refreshing native plugins compatible for Editor in 0.87 ms, found 3 plugins.
Preloading 0 native plugins for Editor in 0.00 ms.
Unloading 3109 Unused Serialized files (Serialized files now loaded: 0)
System memory in use before: 133.6 MB.
System memory in use after: 133.8 MB.

Unloading 19 unused Assets to reduce memory usage. Loaded Objects now: 3736.
Total: 4.237200 ms (FindLiveObjects: 0.396800 ms CreateObjectMapping: 0.106700 ms MarkObjects: 3.689000 ms  DeleteObjects: 0.042500 ms)

========================================================================
Received Prepare
Registering precompiled user dll's ...
Registered in 0.008950 seconds.
Begin MonoManager ReloadAssembly
Native extension for WindowsStandalone target not found
Refreshing native plugins compatible for Editor in 0.78 ms, found 3 plugins.
Preloading 0 native plugins for Editor in 0.00 ms.
Mono: successfully reloaded assembly
- Completed reload, in  4.390 seconds
Platform modules already initialized, skipping
Shader 'Universal Render Pipeline/Particles/Lit': fallback shader 'Universal Render Pipeline/Particles/SimpleLit' not found
Refreshing native plugins compatible for Editor in 6.38 ms, found 3 plugins.
Preloading 0 native plugins for Editor in 0.00 ms.
Unloading 3111 Unused Serialized files (Serialized files now loaded: 0)
System memory in use before: 133.6 MB.
System memory in use after: 133.8 MB.

Unloading 17 unused Assets to reduce memory usage. Loaded Objects now: 3742.
Total: 4.096000 ms (FindLiveObjects: 0.515500 ms CreateObjectMapping: 0.123800 ms MarkObjects: 3.417700 ms  DeleteObjects: 0.037500 ms)

========================================================================
Received Import Request.
  Time since last request: 642.954012 seconds.
  path: Assets/Scripts/Player_Movement.cs
  artifactKey: Guid(39e9575d18cd86c48834f0fff83c6ea5) Importer(815301076,1909f56bfc062723c751e8b465ee728b)
Start importing Assets/Scripts/Player_Movement.cs using Guid(39e9575d18cd86c48834f0fff83c6ea5) Importer(815301076,1909f56bfc062723c751e8b465ee728b)  -> (artifact id: 'acff3d4548a687a64ad5aa00df3afed8') in 0.020918 seconds
  Import took 1.447030 seconds .

========================================================================
Received Prepare
Registering precompiled user dll's ...
Registered in 0.007492 seconds.
Begin MonoManager ReloadAssembly
Native extension for WindowsStandalone target not found
Refreshing native plugins compatible for Editor in 0.80 ms, found 3 plugins.
Preloading 0 native plugins for Editor in 0.00 ms.
Mono: successfully reloaded assembly
- Completed reload, in  2.247 seconds
Platform modules already initialized, skipping
Shader 'Universal Render Pipeline/Particles/Lit': fallback shader 'Universal Render Pipeline/Particles/SimpleLit' not found
Refreshing native plugins compatible for Editor in 0.83 ms, found 3 plugins.
Preloading 0 native plugins for Editor in 0.00 ms.
Unloading 3111 Unused Serialized files (Serialized files now loaded: 0)
System memory in use before: 133.6 MB.
System memory in use after: 133.8 MB.

Unloading 17 unused Assets to reduce memory usage. Loaded Objects now: 3746.
Total: 4.122600 ms (FindLiveObjects: 0.428900 ms CreateObjectMapping: 0.169700 ms MarkObjects: 3.488700 ms  DeleteObjects: 0.033400 ms)

========================================================================
Received Import Request.
  Time since last request: 38.016290 seconds.
  path: Assets/Resources/Prefab
  artifactKey: Guid(33a81934e8a284943b24a43f7e5c1c0f) Importer(815301076,1909f56bfc062723c751e8b465ee728b)
Start importing Assets/Resources/Prefab using Guid(33a81934e8a284943b24a43f7e5c1c0f) Importer(815301076,1909f56bfc062723c751e8b465ee728b)  -> (artifact id: '2b89eff754963d7d568ffa898b7a5697') in 0.024500 seconds
  Import took 0.073200 seconds .

========================================================================
Received Import Request.
  Time since last request: 2.556136 seconds.
  path: Assets/Resources/Prefab/Player.prefab
  artifactKey: Guid(b2adb3a09fc2cc346b8697d92e6c21ab) Importer(815301076,1909f56bfc062723c751e8b465ee728b)
Start importing Assets/Resources/Prefab/Player.prefab using Guid(b2adb3a09fc2cc346b8697d92e6c21ab) Importer(815301076,1909f56bfc062723c751e8b465ee728b)  -> (artifact id: '6fb6ee07c0576f342543df97a3de87a1') in 0.466803 seconds
  Import took 0.474551 seconds .

========================================================================
Received Import Request.
  Time since last request: 20.125957 seconds.
  path: Assets/Resources/Prefab/Player (Test sprite).prefab
  artifactKey: Guid(b2adb3a09fc2cc346b8697d92e6c21ab) Importer(815301076,1909f56bfc062723c751e8b465ee728b)
Start importing Assets/Resources/Prefab/Player (Test sprite).prefab using Guid(b2adb3a09fc2cc346b8697d92e6c21ab) Importer(815301076,1909f56bfc062723c751e8b465ee728b)  -> (artifact id: '23b0fd6343d4e7aea517f32c563bfbc4') in 0.051733 seconds
  Import took 0.068657 seconds .

========================================================================
Received Import Request.
  Time since last request: 10.252076 seconds.
  path: Assets/Scenes
  artifactKey: Guid(7baaeff40ba44554f968210a2b13a1ba) Importer(815301076,1909f56bfc062723c751e8b465ee728b)
Start importing Assets/Scenes using Guid(7baaeff40ba44554f968210a2b13a1ba) Importer(815301076,1909f56bfc062723c751e8b465ee728b)  -> (artifact id: '1d01535acc4d404cf92fb092afb3a59a') in 0.020186 seconds
  Import took 0.034025 seconds .

========================================================================
Received Import Request.
  Time since last request: 10.905424 seconds.
  path: Assets/Scenes/Player Test.unity
  artifactKey: Guid(9639ae704f80f4d4caaf29ad7190ccc4) Importer(815301076,1909f56bfc062723c751e8b465ee728b)
Start importing Assets/Scenes/Player Test.unity using Guid(9639ae704f80f4d4caaf29ad7190ccc4) Importer(815301076,1909f56bfc062723c751e8b465ee728b)  -> (artifact id: 'dfa60e1388f49cbd0d4cb399e30c76a0') in 0.029816 seconds
  Import took 0.037011 seconds .

========================================================================
Received Import Request.
  Time since last request: 39.655448 seconds.
  path: Assets/Scenes/Player Test.unity
  artifactKey: Guid(9639ae704f80f4d4caaf29ad7190ccc4) Importer(815301076,1909f56bfc062723c751e8b465ee728b)
Start importing Assets/Scenes/Player Test.unity using Guid(9639ae704f80f4d4caaf29ad7190ccc4) Importer(815301076,1909f56bfc062723c751e8b465ee728b)  -> (artifact id: '99c76fa4dfc992c723a203849171c3fc') in 0.024091 seconds
  Import took 0.032751 seconds .

========================================================================
Received Import Request.
  Time since last request: 3.777291 seconds.
  path: Assets/Scenes/SampleScene.unity
  artifactKey: Guid(2cda990e2423bbf4892e6590ba056729) Importer(815301076,1909f56bfc062723c751e8b465ee728b)
Start importing Assets/Scenes/SampleScene.unity using Guid(2cda990e2423bbf4892e6590ba056729) Importer(815301076,1909f56bfc062723c751e8b465ee728b)  -> (artifact id: '86d802b3d226f3bfa56d8fda8d880a05') in 0.018142 seconds
  Import took 0.043432 seconds .

========================================================================
Received Import Request.
  Time since last request: 16.036197 seconds.
  path: Assets/Sprites/HexagonPointed-Top.png
  artifactKey: Guid(c7aa7e62c837e194499e49d9c0229f96) Importer(815301076,1909f56bfc062723c751e8b465ee728b)
Start importing Assets/Sprites/HexagonPointed-Top.png using Guid(c7aa7e62c837e194499e49d9c0229f96) Importer(815301076,1909f56bfc062723c751e8b465ee728b)  -> (artifact id: '607529e10222a4abf876e0d64b34e95a') in 0.052372 seconds
  Import took 0.076240 seconds .

========================================================================
Received Import Request.
  Time since last request: 0.000268 seconds.
  path: Assets/Sprites/IsometricDiamond.png
  artifactKey: Guid(f14b6a3aa6262394a8d32aa642fb48f3) Importer(815301076,1909f56bfc062723c751e8b465ee728b)
Start importing Assets/Sprites/IsometricDiamond.png using Guid(f14b6a3aa6262394a8d32aa642fb48f3) Importer(815301076,1909f56bfc062723c751e8b465ee728b)  -> (artifact id: 'cd30688388b0d3df9ffb7fc3f50f36e9') in 0.038400 seconds
  Import took 0.045306 seconds .

========================================================================
Received Import Request.
  Time since last request: 0.000273 seconds.
  path: Assets/Sprites/Square.png
  artifactKey: Guid(c365d5732dd9bd241bfdca7705a69a63) Importer(815301076,1909f56bfc062723c751e8b465ee728b)
Start importing Assets/Sprites/Square.png using Guid(c365d5732dd9bd241bfdca7705a69a63) Importer(815301076,1909f56bfc062723c751e8b465ee728b)  -> (artifact id: 'f8b8d7af9a64463bdd7d5de2ea9a81da') in 0.042199 seconds
  Import took 0.102157 seconds .

========================================================================
Received Import Request.
  Time since last request: 412.964163 seconds.
  path: Assets/Scripts/Camera_Movement.cs
  artifactKey: Guid(ca161ed2009138b47bd02b9386d62645) Importer(815301076,1909f56bfc062723c751e8b465ee728b)
Start importing Assets/Scripts/Camera_Movement.cs using Guid(ca161ed2009138b47bd02b9386d62645) Importer(815301076,1909f56bfc062723c751e8b465ee728b)  -> (artifact id: 'd54818366780eb746216c9aa8045b11e') in 0.017796 seconds
  Import took 0.039962 seconds .

========================================================================
Received Prepare
Registering precompiled user dll's ...
Registered in 0.012941 seconds.
Begin MonoManager ReloadAssembly
Native extension for WindowsStandalone target not found
Refreshing native plugins compatible for Editor in 0.78 ms, found 3 plugins.
Preloading 0 native plugins for Editor in 0.00 ms.
Mono: successfully reloaded assembly
- Completed reload, in  2.459 seconds
Platform modules already initialized, skipping
Shader 'Universal Render Pipeline/Particles/Lit': fallback shader 'Universal Render Pipeline/Particles/SimpleLit' not found
Refreshing native plugins compatible for Editor in 0.78 ms, found 3 plugins.
Preloading 0 native plugins for Editor in 0.00 ms.
Unloading 3111 Unused Serialized files (Serialized files now loaded: 0)
System memory in use before: 135.8 MB.
System memory in use after: 136.1 MB.

Unloading 17 unused Assets to reduce memory usage. Loaded Objects now: 3791.
Total: 5.310100 ms (FindLiveObjects: 0.458200 ms CreateObjectMapping: 0.115600 ms MarkObjects: 4.692100 ms  DeleteObjects: 0.042100 ms)

========================================================================
Received Import Request.
  Time since last request: 162.530023 seconds.
  path: Assets/Scripts/Camera_Movement.cs
  artifactKey: Guid(ca161ed2009138b47bd02b9386d62645) Importer(815301076,1909f56bfc062723c751e8b465ee728b)
Start importing Assets/Scripts/Camera_Movement.cs using Guid(ca161ed2009138b47bd02b9386d62645) Importer(815301076,1909f56bfc062723c751e8b465ee728b)  -> (artifact id: 'baa0c9d61565e6b61477f5a130802bcf') in 0.031041 seconds
  Import took 0.090342 seconds .

========================================================================
Received Prepare
Registering precompiled user dll's ...
Registered in 0.009319 seconds.
Begin MonoManager ReloadAssembly
Native extension for WindowsStandalone target not found
Refreshing native plugins compatible for Editor in 1.03 ms, found 3 plugins.
Preloading 0 native plugins for Editor in 0.00 ms.
Mono: successfully reloaded assembly
- Completed reload, in  2.401 seconds
Platform modules already initialized, skipping
Shader 'Universal Render Pipeline/Particles/Lit': fallback shader 'Universal Render Pipeline/Particles/SimpleLit' not found
Refreshing native plugins compatible for Editor in 1.20 ms, found 3 plugins.
Preloading 0 native plugins for Editor in 0.00 ms.
Unloading 3111 Unused Serialized files (Serialized files now loaded: 0)
System memory in use before: 135.8 MB.
System memory in use after: 136.1 MB.

Unloading 17 unused Assets to reduce memory usage. Loaded Objects now: 3795.
Total: 9.392100 ms (FindLiveObjects: 2.197000 ms CreateObjectMapping: 1.637600 ms MarkObjects: 4.625400 ms  DeleteObjects: 0.929400 ms)

========================================================================
Received Prepare
Registering precompiled user dll's ...
Registered in 0.008539 seconds.
Begin MonoManager ReloadAssembly
Native extension for WindowsStandalone target not found
Refreshing native plugins compatible for Editor in 0.83 ms, found 3 plugins.
Preloading 0 native plugins for Editor in 0.00 ms.
Mono: successfully reloaded assembly
- Completed reload, in  2.231 seconds
Platform modules already initialized, skipping
Shader 'Universal Render Pipeline/Particles/Lit': fallback shader 'Universal Render Pipeline/Particles/SimpleLit' not found
Refreshing native plugins compatible for Editor in 0.81 ms, found 3 plugins.
Preloading 0 native plugins for Editor in 0.00 ms.
Unloading 3111 Unused Serialized files (Serialized files now loaded: 0)
System memory in use before: 135.8 MB.
System memory in use after: 136.1 MB.

Unloading 17 unused Assets to reduce memory usage. Loaded Objects now: 3799.
Total: 4.737100 ms (FindLiveObjects: 0.590700 ms CreateObjectMapping: 0.143900 ms MarkObjects: 3.963400 ms  DeleteObjects: 0.037100 ms)

========================================================================
Received Prepare
Registering precompiled user dll's ...
Registered in 0.017084 seconds.
Begin MonoManager ReloadAssembly
Native extension for WindowsStandalone target not found
Refreshing native plugins compatible for Editor in 0.78 ms, found 3 plugins.
Preloading 0 native plugins for Editor in 0.00 ms.
Mono: successfully reloaded assembly
- Completed reload, in  1.885 seconds
Platform modules already initialized, skipping
Shader 'Universal Render Pipeline/Particles/Lit': fallback shader 'Universal Render Pipeline/Particles/SimpleLit' not found
Refreshing native plugins compatible for Editor in 0.78 ms, found 3 plugins.
Preloading 0 native plugins for Editor in 0.00 ms.
Unloading 3111 Unused Serialized files (Serialized files now loaded: 0)
System memory in use before: 135.9 MB.
System memory in use after: 136.1 MB.

Unloading 17 unused Assets to reduce memory usage. Loaded Objects now: 3803.
Total: 4.382200 ms (FindLiveObjects: 0.620000 ms CreateObjectMapping: 0.129800 ms MarkObjects: 3.591900 ms  DeleteObjects: 0.038600 ms)

========================================================================
Received Prepare
Registering precompiled user dll's ...
Registered in 0.012817 seconds.
Begin MonoManager ReloadAssembly
Native extension for WindowsStandalone target not found
Refreshing native plugins compatible for Editor in 0.79 ms, found 3 plugins.
Preloading 0 native plugins for Editor in 0.00 ms.
Mono: successfully reloaded assembly
- Completed reload, in  2.522 seconds
Platform modules already initialized, skipping
Shader 'Universal Render Pipeline/Particles/Lit': fallback shader 'Universal Render Pipeline/Particles/SimpleLit' not found
Refreshing native plugins compatible for Editor in 5.54 ms, found 3 plugins.
Preloading 0 native plugins for Editor in 0.00 ms.
Unloading 3111 Unused Serialized files (Serialized files now loaded: 0)
System memory in use before: 135.9 MB.
System memory in use after: 136.1 MB.

Unloading 17 unused Assets to reduce memory usage. Loaded Objects now: 3807.
Total: 10.101100 ms (FindLiveObjects: 0.679500 ms CreateObjectMapping: 0.409800 ms MarkObjects: 8.938200 ms  DeleteObjects: 0.071000 ms)

========================================================================
Received Prepare
Registering precompiled user dll's ...
Registered in 0.013349 seconds.
Begin MonoManager ReloadAssembly
Native extension for WindowsStandalone target not found
Refreshing native plugins compatible for Editor in 0.84 ms, found 3 plugins.
Preloading 0 native plugins for Editor in 0.00 ms.
Mono: successfully reloaded assembly
- Completed reload, in  3.281 seconds
Platform modules already initialized, skipping
Shader 'Universal Render Pipeline/Particles/Lit': fallback shader 'Universal Render Pipeline/Particles/SimpleLit' not found
Refreshing native plugins compatible for Editor in 2.60 ms, found 3 plugins.
Preloading 0 native plugins for Editor in 0.00 ms.
Unloading 3111 Unused Serialized files (Serialized files now loaded: 0)
System memory in use before: 135.9 MB.
System memory in use after: 136.1 MB.

Unloading 17 unused Assets to reduce memory usage. Loaded Objects now: 3811.
Total: 9.081500 ms (FindLiveObjects: 0.815100 ms CreateObjectMapping: 0.155400 ms MarkObjects: 8.050500 ms  DeleteObjects: 0.058300 ms)

========================================================================
Received Prepare
Registering precompiled user dll's ...
Registered in 0.006826 seconds.
Begin MonoManager ReloadAssembly
Native extension for WindowsStandalone target not found
Refreshing native plugins compatible for Editor in 0.89 ms, found 3 plugins.
Preloading 0 native plugins for Editor in 0.00 ms.
Mono: successfully reloaded assembly
- Completed reload, in  2.272 seconds
Platform modules already initialized, skipping
Shader 'Universal Render Pipeline/Particles/Lit': fallback shader 'Universal Render Pipeline/Particles/SimpleLit' not found
Refreshing native plugins compatible for Editor in 1.82 ms, found 3 plugins.
Preloading 0 native plugins for Editor in 0.00 ms.
Unloading 3111 Unused Serialized files (Serialized files now loaded: 0)
System memory in use before: 135.9 MB.
System memory in use after: 136.1 MB.

Unloading 17 unused Assets to reduce memory usage. Loaded Objects now: 3815.
Total: 109.043000 ms (FindLiveObjects: 8.190600 ms CreateObjectMapping: 0.242000 ms MarkObjects: 100.560300 ms  DeleteObjects: 0.045000 ms)

========================================================================
Received Prepare
Registering precompiled user dll's ...
Registered in 0.009177 seconds.
Begin MonoManager ReloadAssembly
Native extension for WindowsStandalone target not found
Refreshing native plugins compatible for Editor in 0.94 ms, found 3 plugins.
Preloading 0 native plugins for Editor in 0.00 ms.
Mono: successfully reloaded assembly
- Completed reload, in  2.227 seconds
Platform modules already initialized, skipping
Shader 'Universal Render Pipeline/Particles/Lit': fallback shader 'Universal Render Pipeline/Particles/SimpleLit' not found
Refreshing native plugins compatible for Editor in 1.26 ms, found 3 plugins.
Preloading 0 native plugins for Editor in 0.00 ms.
Unloading 3111 Unused Serialized files (Serialized files now loaded: 0)
System memory in use before: 135.9 MB.
System memory in use after: 136.1 MB.

Unloading 17 unused Assets to reduce memory usage. Loaded Objects now: 3819.
Total: 24.540700 ms (FindLiveObjects: 14.887700 ms CreateObjectMapping: 4.325100 ms MarkObjects: 5.294800 ms  DeleteObjects: 0.030900 ms)

========================================================================
Received Prepare
Registering precompiled user dll's ...
Registered in 0.008358 seconds.
Begin MonoManager ReloadAssembly
Native extension for WindowsStandalone target not found
Refreshing native plugins compatible for Editor in 0.88 ms, found 3 plugins.
Preloading 0 native plugins for Editor in 0.00 ms.
Mono: successfully reloaded assembly
- Completed reload, in  2.599 seconds
Platform modules already initialized, skipping
Shader 'Universal Render Pipeline/Particles/Lit': fallback shader 'Universal Render Pipeline/Particles/SimpleLit' not found
Refreshing native plugins compatible for Editor in 1.07 ms, found 3 plugins.
Preloading 0 native plugins for Editor in 0.00 ms.
Unloading 3111 Unused Serialized files (Serialized files now loaded: 0)
System memory in use before: 135.9 MB.
System memory in use after: 136.1 MB.

Unloading 17 unused Assets to reduce memory usage. Loaded Objects now: 3823.
Total: 16.995500 ms (FindLiveObjects: 0.893600 ms CreateObjectMapping: 0.424800 ms MarkObjects: 15.600500 ms  DeleteObjects: 0.074300 ms)

========================================================================
Received Prepare
Registering precompiled user dll's ...
Registered in 0.008519 seconds.
Begin MonoManager ReloadAssembly
Native extension for WindowsStandalone target not found
Refreshing native plugins compatible for Editor in 0.77 ms, found 3 plugins.
Preloading 0 native plugins for Editor in 0.00 ms.
Mono: successfully reloaded assembly
- Completed reload, in  2.023 seconds
Platform modules already initialized, skipping
Shader 'Universal Render Pipeline/Particles/Lit': fallback shader 'Universal Render Pipeline/Particles/SimpleLit' not found
Refreshing native plugins compatible for Editor in 0.97 ms, found 3 plugins.
Preloading 0 native plugins for Editor in 0.00 ms.
Unloading 3111 Unused Serialized files (Serialized files now loaded: 0)
System memory in use before: 135.9 MB.
System memory in use after: 136.1 MB.

Unloading 17 unused Assets to reduce memory usage. Loaded Objects now: 3827.
Total: 5.998200 ms (FindLiveObjects: 0.489300 ms CreateObjectMapping: 0.119000 ms MarkObjects: 5.251000 ms  DeleteObjects: 0.135700 ms)

========================================================================
Received Prepare
Registering precompiled user dll's ...
Registered in 0.007637 seconds.
Begin MonoManager ReloadAssembly
Native extension for WindowsStandalone target not found
Refreshing native plugins compatible for Editor in 0.92 ms, found 3 plugins.
Preloading 0 native plugins for Editor in 0.00 ms.
Mono: successfully reloaded assembly
- Completed reload, in  1.589 seconds
Platform modules already initialized, skipping
Shader 'Universal Render Pipeline/Particles/Lit': fallback shader 'Universal Render Pipeline/Particles/SimpleLit' not found
Refreshing native plugins compatible for Editor in 0.86 ms, found 3 plugins.
Preloading 0 native plugins for Editor in 0.00 ms.
Unloading 3111 Unused Serialized files (Serialized files now loaded: 0)
System memory in use before: 135.9 MB.
System memory in use after: 136.2 MB.

Unloading 17 unused Assets to reduce memory usage. Loaded Objects now: 3831.
Total: 5.384100 ms (FindLiveObjects: 0.520500 ms CreateObjectMapping: 0.133000 ms MarkObjects: 4.691100 ms  DeleteObjects: 0.037300 ms)

========================================================================
Received Prepare
Registering precompiled user dll's ...
Registered in 0.006903 seconds.
Begin MonoManager ReloadAssembly
Native extension for WindowsStandalone target not found
Refreshing native plugins compatible for Editor in 1.08 ms, found 3 plugins.
Preloading 0 native plugins for Editor in 0.00 ms.
Mono: successfully reloaded assembly
- Completed reload, in  1.542 seconds
Platform modules already initialized, skipping
Shader 'Universal Render Pipeline/Particles/Lit': fallback shader 'Universal Render Pipeline/Particles/SimpleLit' not found
Refreshing native plugins compatible for Editor in 1.23 ms, found 3 plugins.
Preloading 0 native plugins for Editor in 0.00 ms.
Unloading 3111 Unused Serialized files (Serialized files now loaded: 0)
System memory in use before: 135.9 MB.
System memory in use after: 136.2 MB.

Unloading 17 unused Assets to reduce memory usage. Loaded Objects now: 3835.
Total: 3.997900 ms (FindLiveObjects: 0.432500 ms CreateObjectMapping: 0.117200 ms MarkObjects: 3.409500 ms  DeleteObjects: 0.036400 ms)

========================================================================
Received Prepare
Registering precompiled user dll's ...
Registered in 0.007088 seconds.
Begin MonoManager ReloadAssembly
Native extension for WindowsStandalone target not found
Refreshing native plugins compatible for Editor in 4.04 ms, found 3 plugins.
Preloading 0 native plugins for Editor in 0.00 ms.
Mono: successfully reloaded assembly
- Completed reload, in  2.403 seconds
Platform modules already initialized, skipping
Shader 'Universal Render Pipeline/Particles/Lit': fallback shader 'Universal Render Pipeline/Particles/SimpleLit' not found
Refreshing native plugins compatible for Editor in 0.84 ms, found 3 plugins.
Preloading 0 native plugins for Editor in 0.00 ms.
Unloading 3111 Unused Serialized files (Serialized files now loaded: 0)
System memory in use before: 135.9 MB.
System memory in use after: 136.2 MB.

Unloading 17 unused Assets to reduce memory usage. Loaded Objects now: 3839.
Total: 3.900900 ms (FindLiveObjects: 0.488500 ms CreateObjectMapping: 0.108400 ms MarkObjects: 3.272500 ms  DeleteObjects: 0.029900 ms)

========================================================================
Received Prepare
Registering precompiled user dll's ...
Registered in 0.009999 seconds.
Begin MonoManager ReloadAssembly
Native extension for WindowsStandalone target not found
Refreshing native plugins compatible for Editor in 0.82 ms, found 3 plugins.
Preloading 0 native plugins for Editor in 0.00 ms.
Mono: successfully reloaded assembly
- Completed reload, in  2.168 seconds
Platform modules already initialized, skipping
Shader 'Universal Render Pipeline/Particles/Lit': fallback shader 'Universal Render Pipeline/Particles/SimpleLit' not found
Refreshing native plugins compatible for Editor in 0.93 ms, found 3 plugins.
Preloading 0 native plugins for Editor in 0.00 ms.
Unloading 3111 Unused Serialized files (Serialized files now loaded: 0)
System memory in use before: 135.9 MB.
System memory in use after: 136.2 MB.

Unloading 17 unused Assets to reduce memory usage. Loaded Objects now: 3843.
Total: 10.578000 ms (FindLiveObjects: 0.513100 ms CreateObjectMapping: 0.204400 ms MarkObjects: 9.828200 ms  DeleteObjects: 0.030700 ms)

========================================================================
Received Prepare
Registering precompiled user dll's ...
Registered in 0.006629 seconds.
Begin MonoManager ReloadAssembly
Native extension for WindowsStandalone target not found
Refreshing native plugins compatible for Editor in 0.81 ms, found 3 plugins.
Preloading 0 native plugins for Editor in 0.00 ms.
Mono: successfully reloaded assembly
- Completed reload, in  1.554 seconds
Platform modules already initialized, skipping
Shader 'Universal Render Pipeline/Particles/Lit': fallback shader 'Universal Render Pipeline/Particles/SimpleLit' not found
Refreshing native plugins compatible for Editor in 0.81 ms, found 3 plugins.
Preloading 0 native plugins for Editor in 0.00 ms.
Unloading 3111 Unused Serialized files (Serialized files now loaded: 0)
System memory in use before: 136.0 MB.
System memory in use after: 136.2 MB.

Unloading 17 unused Assets to reduce memory usage. Loaded Objects now: 3847.
Total: 5.190600 ms (FindLiveObjects: 1.295000 ms CreateObjectMapping: 0.216100 ms MarkObjects: 3.635400 ms  DeleteObjects: 0.041800 ms)

========================================================================
Received Prepare
Registering precompiled user dll's ...
Registered in 0.006663 seconds.
Begin MonoManager ReloadAssembly
Native extension for WindowsStandalone target not found
Refreshing native plugins compatible for Editor in 1.00 ms, found 3 plugins.
Preloading 0 native plugins for Editor in 0.00 ms.
Mono: successfully reloaded assembly
- Completed reload, in  1.596 seconds
Platform modules already initialized, skipping
Shader 'Universal Render Pipeline/Particles/Lit': fallback shader 'Universal Render Pipeline/Particles/SimpleLit' not found
Refreshing native plugins compatible for Editor in 0.82 ms, found 3 plugins.
Preloading 0 native plugins for Editor in 0.00 ms.
Unloading 3111 Unused Serialized files (Serialized files now loaded: 0)
System memory in use before: 136.0 MB.
System memory in use after: 136.2 MB.

Unloading 17 unused Assets to reduce memory usage. Loaded Objects now: 3851.
Total: 4.999500 ms (FindLiveObjects: 0.631900 ms CreateObjectMapping: 0.204500 ms MarkObjects: 4.117700 ms  DeleteObjects: 0.042600 ms)

========================================================================
Received Prepare
Registering precompiled user dll's ...
Registered in 0.008268 seconds.
Begin MonoManager ReloadAssembly
Native extension for WindowsStandalone target not found
Refreshing native plugins compatible for Editor in 0.77 ms, found 3 plugins.
Preloading 0 native plugins for Editor in 0.00 ms.
Mono: successfully reloaded assembly
- Completed reload, in  1.597 seconds
Platform modules already initialized, skipping
Shader 'Universal Render Pipeline/Particles/Lit': fallback shader 'Universal Render Pipeline/Particles/SimpleLit' not found
Refreshing native plugins compatible for Editor in 0.85 ms, found 3 plugins.
Preloading 0 native plugins for Editor in 0.00 ms.
Unloading 3111 Unused Serialized files (Serialized files now loaded: 0)
System memory in use before: 136.0 MB.
System memory in use after: 136.2 MB.

Unloading 17 unused Assets to reduce memory usage. Loaded Objects now: 3855.
Total: 3.925200 ms (FindLiveObjects: 0.450100 ms CreateObjectMapping: 0.108800 ms MarkObjects: 3.336300 ms  DeleteObjects: 0.028500 ms)

========================================================================
Received Prepare
Registering precompiled user dll's ...
Registered in 0.007694 seconds.
Begin MonoManager ReloadAssembly
Native extension for WindowsStandalone target not found
Refreshing native plugins compatible for Editor in 0.92 ms, found 3 plugins.
Preloading 0 native plugins for Editor in 0.00 ms.
Mono: successfully reloaded assembly
- Completed reload, in  1.642 seconds
Platform modules already initialized, skipping
Shader 'Universal Render Pipeline/Particles/Lit': fallback shader 'Universal Render Pipeline/Particles/SimpleLit' not found
Refreshing native plugins compatible for Editor in 0.91 ms, found 3 plugins.
Preloading 0 native plugins for Editor in 0.00 ms.
Unloading 3111 Unused Serialized files (Serialized files now loaded: 0)
System memory in use before: 136.0 MB.
System memory in use after: 136.2 MB.

Unloading 17 unused Assets to reduce memory usage. Loaded Objects now: 3859.
Total: 7.182300 ms (FindLiveObjects: 1.123500 ms CreateObjectMapping: 0.445500 ms MarkObjects: 5.572700 ms  DeleteObjects: 0.038400 ms)

