Using pre-set license
Built from '2020.3/staging' branch; Version is '2020.3.11f1 (99c7afb366b3) revision 10078127'; Using compiler version '192528614'; Build Type 'Release'
OS: 'Windows 10 Home; OS build 19042.1052; Version 2009; 64bit' Language: 'en' Physical Memory: 32695 MB
BatchMode: 1, IsHumanControllingUs: 0, StartBugReporterOnCrash: 0, Is64bit: 1, IsPro: 0

 COMMAND LINE ARGUMENTS:
C:\Program Files\Unity\Hub\Editor\2020.3.11f1\Editor\Unity.exe
-adb2
-batchMode
-noUpm
-name
AssetImportWorker0
-projectPath
D:/Unity Projects/SpaceRelationshipSim
-logFile
Logs/AssetImportWorker0.log
-srvPort
57035
Successfully changed project path to: D:/Unity Projects/SpaceRelationshipSim
D:/Unity Projects/SpaceRelationshipSim
Using Asset Import Pipeline V2.
Refreshing native plugins compatible for Editor in 70.05 ms, found 3 plugins.
Preloading 0 native plugins for Editor in 0.00 ms.
Initialize engine version: 2020.3.11f1 (99c7afb366b3)
[Subsystems] Discovering subsystems at path C:/Program Files/Unity/Hub/Editor/2020.3.11f1/Editor/Data/Resources/UnitySubsystems
[Subsystems] Discovering subsystems at path D:/Unity Projects/SpaceRelationshipSim/Assets
GfxDevice: creating device client; threaded=0
Direct3D:
    Version:  Direct3D 11.0 [level 11.1]
    Renderer: NVIDIA GeForce RTX 2080 Ti (ID=0x1e07)
    Vendor:   
    VRAM:     11049 MB
    Driver:   27.21.14.6137
Shader 'Universal Render Pipeline/Particles/Lit': fallback shader 'Universal Render Pipeline/Particles/SimpleLit' not found
Initialize mono
Mono path[0] = 'C:/Program Files/Unity/Hub/Editor/2020.3.11f1/Editor/Data/Managed'
Mono path[1] = 'C:/Program Files/Unity/Hub/Editor/2020.3.11f1/Editor/Data/MonoBleedingEdge/lib/mono/unityjit'
Mono config path = 'C:/Program Files/Unity/Hub/Editor/2020.3.11f1/Editor/Data/MonoBleedingEdge/etc'
Using monoOptions --debugger-agent=transport=dt_socket,embedding=1,server=y,suspend=n,address=127.0.0.1:56376
Begin MonoManager ReloadAssembly
Registering precompiled unity dll's ...
Register platform support module: C:/Program Files/Unity/Hub/Editor/2020.3.11f1/Editor/Data/PlaybackEngines/WebGLSupport/UnityEditor.WebGL.Extensions.dll
Register platform support module: C:/Program Files/Unity/Hub/Editor/2020.3.11f1/Editor/Data/PlaybackEngines/WindowsStandaloneSupport/UnityEditor.WindowsStandalone.Extensions.dll
Registered in 0.002117 seconds.
Native extension for WindowsStandalone target not found
Native extension for WebGL target not found
Refreshing native plugins compatible for Editor in 54.02 ms, found 3 plugins.
Preloading 0 native plugins for Editor in 0.00 ms.
Mono: successfully reloaded assembly
- Completed reload, in  1.556 seconds
Platform modules already initialized, skipping
Registering precompiled user dll's ...
Registered in 0.003537 seconds.
Begin MonoManager ReloadAssembly
Native extension for WindowsStandalone target not found
Native extension for WebGL target not found
Refreshing native plugins compatible for Editor in 57.18 ms, found 3 plugins.
Preloading 0 native plugins for Editor in 0.00 ms.
Mono: successfully reloaded assembly
- Completed reload, in  0.992 seconds
Platform modules already initialized, skipping
========================================================================
Worker process is ready to serve import requests
Shader 'Universal Render Pipeline/Particles/Lit': fallback shader 'Universal Render Pipeline/Particles/SimpleLit' not found
Launched and connected shader compiler UnityShaderCompiler.exe after 0.04 seconds
Refreshing native plugins compatible for Editor in 0.77 ms, found 3 plugins.
Preloading 0 native plugins for Editor in 0.00 ms.
Unloading 3223 Unused Serialized files (Serialized files now loaded: 0)
System memory in use before: 137.8 MB.
System memory in use after: 138.0 MB.

Unloading 29 unused Assets to reduce memory usage. Loaded Objects now: 3659.
Total: 3.452300 ms (FindLiveObjects: 0.536000 ms CreateObjectMapping: 0.093100 ms MarkObjects: 2.638200 ms  DeleteObjects: 0.183300 ms)

========================================================================
Received Import Request.
  path: Assets/URP/New 2D Renderer Data.asset
  artifactKey: Guid(7ddedc345e61da145825a1fc14d86e3b) Importer(815301076,1909f56bfc062723c751e8b465ee728b)
Start importing Assets/URP/New 2D Renderer Data.asset using Guid(7ddedc345e61da145825a1fc14d86e3b) Importer(815301076,1909f56bfc062723c751e8b465ee728b)  -> (artifact id: 'e6e803785971247ea32623771c4b4dbf') in 0.035789 seconds
  Import took 0.040674 seconds .

========================================================================
Received Import Request.
  Time since last request: 0.000225 seconds.
  path: Assets/URP
  artifactKey: Guid(e14e5dea3b74dad4f91c8a86c959d4d3) Importer(815301076,1909f56bfc062723c751e8b465ee728b)
Start importing Assets/URP using Guid(e14e5dea3b74dad4f91c8a86c959d4d3) Importer(815301076,1909f56bfc062723c751e8b465ee728b)  -> (artifact id: 'ad82ac71f1f20b0a10921e96cabdfab0') in 0.005323 seconds
  Import took 0.009744 seconds .

========================================================================
Received Import Request.
  Time since last request: 0.000172 seconds.
  path: Assets/URP/UniversalRenderPipelineAsset.asset
  artifactKey: Guid(c3823700a0fa725449669f2bcdfa2fc1) Importer(815301076,1909f56bfc062723c751e8b465ee728b)
Start importing Assets/URP/UniversalRenderPipelineAsset.asset using Guid(c3823700a0fa725449669f2bcdfa2fc1) Importer(815301076,1909f56bfc062723c751e8b465ee728b)  -> (artifact id: 'fdbb8036dc352b8a6762e4e3c1241c37') in 0.006941 seconds
  Import took 0.011364 seconds .

========================================================================
Received Import Request.
  Time since last request: 0.000255 seconds.
  path: Assets/URP/UniversalRenderPipelineAsset_Renderer.asset
  artifactKey: Guid(7cfeb7af306c81a47b6aa0bf0f9bea90) Importer(815301076,1909f56bfc062723c751e8b465ee728b)
Start importing Assets/URP/UniversalRenderPipelineAsset_Renderer.asset using Guid(7cfeb7af306c81a47b6aa0bf0f9bea90) Importer(815301076,1909f56bfc062723c751e8b465ee728b)  -> (artifact id: 'a9ab0d4df6a71a1eca8de3ae5e38f8b8') in 0.009645 seconds
  Import took 0.013888 seconds .

========================================================================
Received Import Request.
  Time since last request: 0.005165 seconds.
  path: Assets/URP/UniversalRenderPipelineAsset_Renderer.asset
  artifactKey: Guid(7cfeb7af306c81a47b6aa0bf0f9bea90) Importer(815301076,1909f56bfc062723c751e8b465ee728b)
Start importing Assets/URP/UniversalRenderPipelineAsset_Renderer.asset using Guid(7cfeb7af306c81a47b6aa0bf0f9bea90) Importer(815301076,1909f56bfc062723c751e8b465ee728b)  -> (artifact id: 'a9ab0d4df6a71a1eca8de3ae5e38f8b8') in 0.003169 seconds
  Import took 0.007186 seconds .

========================================================================
Received Prepare
Shader 'Universal Render Pipeline/Particles/Lit': fallback shader 'Universal Render Pipeline/Particles/SimpleLit' not found
Refreshing native plugins compatible for Editor in 3.55 ms, found 3 plugins.
Preloading 0 native plugins for Editor in 0.00 ms.
Unloading 17 Unused Serialized files (Serialized files now loaded: 0)
System memory in use before: 69.3 MB.
System memory in use after: 69.6 MB.

Unloading 15 unused Assets to reduce memory usage. Loaded Objects now: 3660.
Total: 2.651500 ms (FindLiveObjects: 0.319600 ms CreateObjectMapping: 0.079900 ms MarkObjects: 2.230500 ms  DeleteObjects: 0.020800 ms)

========================================================================
Received Import Request.
  Time since last request: 17.121653 seconds.
  path: Assets/URP/New 2D Renderer Data.asset
  artifactKey: Guid(7ddedc345e61da145825a1fc14d86e3b) Importer(815301076,1909f56bfc062723c751e8b465ee728b)
Start importing Assets/URP/New 2D Renderer Data.asset using Guid(7ddedc345e61da145825a1fc14d86e3b) Importer(815301076,1909f56bfc062723c751e8b465ee728b)  -> (artifact id: '35274a217a559de6382b9e1d7c522093') in 0.005408 seconds
  Import took 0.010388 seconds .

========================================================================
Received Import Request.
  Time since last request: 0.000385 seconds.
  path: Assets/URP/New 2D Renderer Data.asset
  artifactKey: Guid(7ddedc345e61da145825a1fc14d86e3b) Importer(815301076,1909f56bfc062723c751e8b465ee728b)
Start importing Assets/URP/New 2D Renderer Data.asset using Guid(7ddedc345e61da145825a1fc14d86e3b) Importer(815301076,1909f56bfc062723c751e8b465ee728b)  -> (artifact id: '35274a217a559de6382b9e1d7c522093') in 0.002652 seconds
  Import took 0.006619 seconds .

========================================================================
Received Prepare
Shader 'Universal Render Pipeline/Particles/Lit': fallback shader 'Universal Render Pipeline/Particles/SimpleLit' not found
Refreshing native plugins compatible for Editor in 3.49 ms, found 3 plugins.
Preloading 0 native plugins for Editor in 0.00 ms.
Unloading 16 Unused Serialized files (Serialized files now loaded: 0)
System memory in use before: 69.3 MB.
System memory in use after: 69.5 MB.

Unloading 15 unused Assets to reduce memory usage. Loaded Objects now: 3660.
Total: 2.682500 ms (FindLiveObjects: 0.344000 ms CreateObjectMapping: 0.084900 ms MarkObjects: 2.239600 ms  DeleteObjects: 0.013200 ms)

AssetImportParameters requested are different than current active one (requested -> active):
  custom:srp/default-shader: 0000e00a000e0de00000e000e02d0000 -> 0000e00a000e0de00000e000e0000000
========================================================================
Received Import Request.
  Time since last request: 5.123469 seconds.
  path: Assets/URP/UniversalRenderPipelineAsset.asset
  artifactKey: Guid(c3823700a0fa725449669f2bcdfa2fc1) Importer(815301076,1909f56bfc062723c751e8b465ee728b)
Start importing Assets/URP/UniversalRenderPipelineAsset.asset using Guid(c3823700a0fa725449669f2bcdfa2fc1) Importer(815301076,1909f56bfc062723c751e8b465ee728b)  -> (artifact id: '473f719463045a4e5f8523c3b92c7111') in 0.006104 seconds
  Import took 0.010493 seconds .

AssetImportWorkerClient::OnTransportError - code=2 error=End of file
